2025-04-09 12:57:19 DEBUG This is a debug message.
2025-04-09 12:57:19 INFO This is an info message.
2025-04-09 12:57:19 WARNING This is a warning message.
2025-04-09 12:57:19 ERROR This is an error message.
2025-04-09 12:57:19 CRITICAL This is a critical message.
2025-04-09 12:57:28 DEBUG This is a debug message.
2025-04-09 12:57:28 INFO This is an info message.
2025-04-09 12:57:28 WARNING This is a warning message.
2025-04-09 12:57:28 ERROR This is an error message.
2025-04-09 12:57:28 CRITICAL This is a critical message.
2025-04-09 12:57:43 DEBUG This is a debug message.
2025-04-09 12:57:43 INFO This is an info message.
2025-04-09 12:57:43 WARNING This is a warning message.
2025-04-09 12:57:43 ERROR This is an error message.
2025-04-09 12:57:43 CRITICAL This is a critical message.
2025-04-09 12:57:57 DEBUG This is a debug message.
2025-04-09 12:57:57 INFO This is an info message.
2025-04-09 12:57:57 WARNING This is a warning message.
2025-04-09 12:57:57 ERROR This is an error message.
2025-04-09 12:57:57 CRITICAL This is a critical message.
